SF:H:\source\repos\Mate\Source\Core\Extensions\Attacking.cs
FN:28,Core.Abstractions.Move Core.Extensions.Attacking::AttackSquare(Core.Abstractions.Piece,Core.Abstractions.Square,System.Collections.Generic.IReadOnlyDictionary`2<Core.Abstractions.Square,Core.Abstractions.IPiece>)
FNDA:207,Core.Abstractions.Move Core.Extensions.Attacking::AttackSquare(Core.Abstractions.Piece,Core.Abstractions.Square,System.Collections.Generic.IReadOnlyDictionary`2<Core.Abstractions.Square,Core.Abstractions.IPiece>)
DA:29,207
DA:30,207
DA:32,208
DA:34,206
DA:35,207
BRDA:32,15,0,1
BRDA:32,15,1,206
FN:54,System.Collections.Generic.IReadOnlyCollection`1<Core.Abstractions.Move> Core.Extensions.Attacking::Attack(Core.Abstractions.Piece,Core.Abstractions.Through,System.Boolean,System.Collections.Generic.IReadOnlyDictionary`2<Core.Abstractions.Square,Core.Abstractions.IPiece>,System.UInt32)
FNDA:832,System.Collections.Generic.IReadOnlyCollection`1<Core.Abstractions.Move> Core.Extensions.Attacking::Attack(Core.Abstractions.Piece,Core.Abstractions.Through,System.Boolean,System.Collections.Generic.IReadOnlyDictionary`2<Core.Abstractions.Square,Core.Abstractions.IPiece>,System.UInt32)
DA:55,832
DA:56,832
DA:58,832
DA:59,832
DA:60,832
DA:61,832
DA:62,832
DA:63,832
DA:64,832
BRDA:58,10,0,831
BRDA:58,10,1,1
FN:79,Core.Abstractions.Move Core.Extensions.Attacking::AttackSquare(Core.Abstractions.Square,Core.Abstractions.Square,System.Collections.Generic.IReadOnlyDictionary`2<Core.Abstractions.Square,Core.Abstractions.IPiece>)
FNDA:1715,Core.Abstractions.Move Core.Extensions.Attacking::AttackSquare(Core.Abstractions.Square,Core.Abstractions.Square,System.Collections.Generic.IReadOnlyDictionary`2<Core.Abstractions.Square,Core.Abstractions.IPiece>)
DA:80,1715
DA:81,2093
DA:83,1337
DA:84,1071
DA:86,266
DA:87,120
DA:89,146
DA:90,1715
BRDA:81,7,0,378
BRDA:81,7,1,1337
BRDA:83,27,0,1071
BRDA:83,27,1,266
BRDA:86,67,0,120
BRDA:86,67,1,146
FN:108,System.Boolean Core.Extensions.Attacking/<Attack>d__3::MoveNext()
FNDA:831,System.Boolean Core.Extensions.Attacking/<Attack>d__3::MoveNext()
DA:109,831
DA:110,831
DA:112,831
DA:114,831
DA:115,831
DA:116,831
DA:117,831
DA:119,1509
DA:120,1083
DA:121,1083
DA:123,808
DA:125,678
DA:126,678
DA:127,678
DA:128,678
DA:129,678
DA:130,426
BRDA:114,75,0,409
BRDA:114,75,1,422
BRDA:119,264,1,1083
BRDA:123,163,0,65
BRDA:123,163,1,678
BRDA:125,192,0,346
BRDA:125,192,1,332
BRDA:119,264,0,426
LF:39
LH:39
BRF:18
BRH:18
FNF:4
FNH:4
end_of_record
SF:H:\source\repos\Mate\Source\Core\Extensions\Helper.cs
FN:18,System.Boolean Core.Extensions.Helper::AddNonNull(System.Collections.Generic.HashSet`1<T>,T)
FNDA:61,System.Boolean Core.Extensions.Helper::AddNonNull(System.Collections.Generic.HashSet`1<T>,T)
DA:19,61
BRDA:19,6,0,18
BRDA:19,6,1,43
FN:33,System.Collections.Generic.IReadOnlyCollection`1<T> Core.Extensions.Helper::Unify(System.Collections.Generic.IReadOnlyCollection`1<T>,System.Collections.Generic.IReadOnlyCollection`1<T>)
FNDA:66,System.Collections.Generic.IReadOnlyCollection`1<T> Core.Extensions.Helper::Unify(System.Collections.Generic.IReadOnlyCollection`1<T>,System.Collections.Generic.IReadOnlyCollection`1<T>)
DA:34,66
FN:47,System.Boolean Core.Extensions.Helper::HasMoved(Core.Abstractions.IPiece,System.Collections.Generic.IReadOnlyDictionary`2<Core.Abstractions.Square,Core.Abstractions.IPiece>,System.Collections.Generic.IReadOnlyCollection`1<Core.Abstractions.MoveEntry>)
FNDA:114,System.Boolean Core.Extensions.Helper::HasMoved(Core.Abstractions.IPiece,System.Collections.Generic.IReadOnlyDictionary`2<Core.Abstractions.Square,Core.Abstractions.IPiece>,System.Collections.Generic.IReadOnlyCollection`1<Core.Abstractions.MoveEntry>)
DA:48,114
DA:49,114
DA:51,128
DA:52,114
BRDA:51,31,0,5
BRDA:51,39,0,5
BRDA:51,31,1,109
BRDA:51,39,1,109
FN:65,System.Collections.Generic.IReadOnlyCollection`1<Core.Abstractions.Square> Core.Extensions.Helper::InBetweenSquares(Core.Abstractions.Square,Core.Abstractions.Square)
FNDA:37,System.Collections.Generic.IReadOnlyCollection`1<Core.Abstractions.Square> Core.Extensions.Helper::InBetweenSquares(Core.Abstractions.Square,Core.Abstractions.Square)
DA:66,37
DA:67,37
DA:68,2
DA:69,2
DA:70,2
DA:72,35
DA:73,35
DA:74,74
DA:75,74
DA:76,35
DA:77,35
BRDA:67,38,0,36
BRDA:67,38,1,1
BRDA:67,62,0,2
BRDA:67,62,1,35
BRDA:74,22,0,38
BRDA:74,22,1,36
LF:17
LH:17
BRF:12
BRH:12
FNF:4
FNH:4
end_of_record
SF:H:\source\repos\Mate\Source\Core\Extensions\Legality.cs
FN:19,System.Boolean Core.Extensions.Legality::IsChecked(Core.Abstractions.IChess,System.Boolean)
FNDA:16,System.Boolean Core.Extensions.Legality::IsChecked(Core.Abstractions.IChess,System.Boolean)
DA:20,16
DA:23,16
DA:24,16
DA:25,16
DA:26,16
DA:27,16
DA:28,16
DA:31,16
DA:32,16
DA:33,310
DA:34,35
DA:35,47
DA:38,16
DA:39,16
FN:49,System.Boolean Core.Extensions.Legality::IsLegal(Core.Abstractions.Chess,Core.Abstractions.Move)
FNDA:0,System.Boolean Core.Extensions.Legality::IsLegal(Core.Abstractions.Chess,Core.Abstractions.Move)
DA:50,0
LF:15
LH:14
BRF:0
BRH:0
FNF:2
FNH:1
end_of_record
SF:H:\source\repos\Mate\Source\Core\Extensions\Maneuverability.cs
FN:24,Core.Abstractions.Square Core.Extensions.Maneuverability::MovePlus(Core.Abstractions.Square,System.Int32,System.Int32)
FNDA:1855,Core.Abstractions.Square Core.Extensions.Maneuverability::MovePlus(Core.Abstractions.Square,System.Int32,System.Int32)
DA:25,1855
DA:26,1855
DA:27,1855
DA:29,1855
DA:30,388
DA:32,1467
DA:33,1467
DA:34,1467
DA:35,1855
BRDA:29,40,0,1708
BRDA:29,40,1,147
BRDA:29,71,0,388
BRDA:29,71,1,1467
FN:48,Core.Abstractions.Square Core.Extensions.Maneuverability::Maneuver(Core.Abstractions.Square,Core.Abstractions.Through,System.Int32)
FNDA:1666,Core.Abstractions.Square Core.Extensions.Maneuverability::Maneuver(Core.Abstractions.Square,Core.Abstractions.Through,System.Int32)
DA:49,1666
DA:50,1666
DA:51,396
DA:52,492
DA:53,392
DA:54,385
DA:55,1666
DA:56,1
DA:57,1
DA:58,1
DA:59,1666
BRDA:49,7,1,396
BRDA:49,7,2,492
BRDA:49,7,3,392
BRDA:49,7,4,385
BRDA:49,7,0,1
FN:71,System.Boolean Core.Extensions.Maneuverability::Process(Core.Abstractions.Chess,Core.Abstractions.Move,Core.Abstractions.IPiece&)
FNDA:0,System.Boolean Core.Extensions.Maneuverability::Process(Core.Abstractions.Chess,Core.Abstractions.Move,Core.Abstractions.IPiece&)
DA:72,0
DA:75,0
DA:78,0
DA:79,0
DA:80,0
DA:81,0
DA:83,0
DA:85,0
DA:88,0
DA:90,0
DA:92,0
DA:94,0
DA:96,0
DA:98,0
DA:100,0
DA:103,0
DA:104,0
DA:106,0
DA:107,0
BRDA:78,60,0,0
BRDA:78,60,1,0
BRDA:85,109,0,0
BRDA:85,109,3,0
BRDA:85,109,1,0
BRDA:85,109,2,0
BRDA:85,109,4,0
BRDA:85,109,5,0
BRDA:85,109,6,0
BRDA:85,109,7,0
BRDA:85,109,8,0
FN:117,System.Void Core.Extensions.Maneuverability::ProcessNormal(Core.Abstractions.Chess,Core.Abstractions.Move)
FNDA:0,System.Void Core.Extensions.Maneuverability::ProcessNormal(Core.Abstractions.Chess,Core.Abstractions.Move)
DA:118,0
DA:123,0
DA:126,0
DA:127,0
LF:43
LH:20
BRF:20
BRH:9
FNF:4
FNH:2
end_of_record
SF:H:\source\repos\Mate\Source\Core\Extensions\Setup.cs
FN:28,System.Boolean Core.Extensions.Setup::AddPiece(Core.Elements.Board,Core.Abstractions.Square,System.Boolean)
FNDA:140,System.Boolean Core.Extensions.Setup::AddPiece(Core.Elements.Board,Core.Abstractions.Square,System.Boolean)
DA:29,140
DA:30,143
DA:32,137
DA:33,1
DA:35,136
DA:37,136
DA:38,140
BRDA:30,7,0,3
BRDA:30,7,1,137
BRDA:32,29,0,1
BRDA:32,29,1,136
FN:49,System.Boolean Core.Extensions.Setup::AddPiece(Core.Abstractions.Chess,Core.Abstractions.Square,Core.Abstractions.IPiece)
FNDA:2,System.Boolean Core.Extensions.Setup::AddPiece(Core.Abstractions.Chess,Core.Abstractions.Square,Core.Abstractions.IPiece)
DA:50,2
DA:51,3
DA:53,1
DA:55,1
DA:56,2
BRDA:51,15,0,1
BRDA:51,15,1,1
FN:67,System.Boolean Core.Extensions.Setup::RemovePiece(Core.Abstractions.Chess,Core.Abstractions.Square,Core.Abstractions.IPiece&)
FNDA:2,System.Boolean Core.Extensions.Setup::RemovePiece(Core.Abstractions.Chess,Core.Abstractions.Square,Core.Abstractions.IPiece&)
DA:68,2
DA:69,2
DA:70,1
DA:71,1
DA:72,1
DA:75,1
DA:77,1
DA:79,1
DA:80,2
BRDA:69,18,0,1
BRDA:69,18,1,1
FN:87,System.Void Core.Extensions.Setup::Copy(Core.Elements.Board,System.Collections.Generic.IReadOnlyDictionary`2<Core.Abstractions.Square,Core.Abstractions.IPiece>)
FNDA:55,System.Void Core.Extensions.Setup::Copy(Core.Elements.Board,System.Collections.Generic.IReadOnlyDictionary`2<Core.Abstractions.Square,Core.Abstractions.IPiece>)
DA:88,55
DA:89,55
DA:90,228
DA:91,228
DA:92,228
DA:93,228
DA:94,55
LF:28
LH:28
BRF:8
BRH:8
FNF:4
FNH:4
end_of_record
SF:H:\source\repos\Mate\Source\Core\Extensions\SpecializedMoves\Castling.cs
FN:28,System.Collections.Generic.IReadOnlyCollection`1<Core.Abstractions.Move> Core.Extensions.SpecializedMoves.Castling::Castles(Core.Abstractions.IPiece,System.Collections.Generic.IReadOnlyDictionary`2<Core.Abstractions.Square,Core.Abstractions.IPiece>,System.Collections.Generic.IReadOnlyCollection`1<Core.Abstractions.MoveEntry>)
FNDA:44,System.Collections.Generic.IReadOnlyCollection`1<Core.Abstractions.Move> Core.Extensions.SpecializedMoves.Castling::Castles(Core.Abstractions.IPiece,System.Collections.Generic.IReadOnlyDictionary`2<Core.Abstractions.Square,Core.Abstractions.IPiece>,System.Collections.Generic.IReadOnlyCollection`1<Core.Abstractions.MoveEntry>)
DA:29,44
DA:30,44
DA:32,44
DA:33,44
DA:34,44
DA:35,44
DA:36,44
DA:37,14
DA:39,30
DA:40,297
DA:41,30
DA:42,29
DA:43,30
DA:45,30
DA:46,30
DA:47,29
DA:48,29
DA:49,92
DA:50,30
DA:51,23
DA:52,23
DA:53,23
DA:54,23
DA:55,23
DA:56,23
DA:57,23
DA:58,23
DA:59,23
DA:60,30
DA:61,44
BRDA:32,67,0,43
BRDA:32,75,0,42
BRDA:32,99,0,19
BRDA:32,99,1,23
BRDA:32,105,0,31
BRDA:32,67,1,13
BRDA:32,75,1,13
BRDA:32,105,1,13
BRDA:32,135,0,14
BRDA:32,135,1,30
BRDA:40,23,0,159
BRDA:40,23,1,138
BRDA:47,19,0,26
BRDA:47,19,1,29
BRDA:51,17,0,12
BRDA:51,17,1,11
LF:30
LH:30
BRF:16
BRH:16
FNF:1
FNH:1
end_of_record
SF:H:\source\repos\Mate\Source\Core\Extensions\SpecializedMoves\PawnPassant.cs
FN:25,System.Collections.Generic.IReadOnlyCollection`1<Core.Abstractions.Move> Core.Extensions.SpecializedMoves.PawnPassant::EnPassant(Core.Abstractions.IPiece,System.Collections.Generic.IReadOnlyDictionary`2<Core.Abstractions.Square,Core.Abstractions.IPiece>,System.Collections.Generic.IReadOnlyCollection`1<Core.Abstractions.MoveEntry>)
FNDA:61,System.Collections.Generic.IReadOnlyCollection`1<Core.Abstractions.Move> Core.Extensions.SpecializedMoves.PawnPassant::EnPassant(Core.Abstractions.IPiece,System.Collections.Generic.IReadOnlyDictionary`2<Core.Abstractions.Square,Core.Abstractions.IPiece>,System.Collections.Generic.IReadOnlyCollection`1<Core.Abstractions.MoveEntry>)
DA:26,61
DA:27,61
DA:29,112
DA:31,10
DA:33,11
DA:35,9
DA:37,9
DA:38,9
DA:39,9
DA:40,3
DA:42,18
DA:44,6
DA:45,6
DA:46,6
DA:47,4
DA:49,2
DA:50,2
DA:51,2
DA:52,2
DA:53,2
DA:54,2
DA:56,2
DA:57,61
BRDA:29,19,0,60
BRDA:29,19,1,1
BRDA:29,37,0,51
BRDA:29,37,1,10
BRDA:33,86,0,1
BRDA:33,86,1,9
BRDA:37,120,0,8
BRDA:37,139,0,4
BRDA:37,139,1,4
BRDA:37,120,1,1
BRDA:37,157,0,3
BRDA:37,157,1,6
BRDA:44,216,0,4
BRDA:44,235,0,2
BRDA:44,235,1,2
BRDA:44,216,1,2
BRDA:44,253,0,4
BRDA:44,253,1,2
BRDA:49,300,0,1
BRDA:49,300,1,1
LF:23
LH:23
BRF:20
BRH:20
FNF:1
FNH:1
end_of_record
SF:H:\source\repos\Mate\Source\Core\Extensions\SpecializedMoves\PawnRush.cs
FN:21,System.Collections.Generic.IReadOnlyCollection`1<Core.Abstractions.Move> Core.Extensions.SpecializedMoves.PawnRush::PawnFirstMove(Core.Abstractions.IPiece,System.Collections.Generic.IReadOnlyDictionary`2<Core.Abstractions.Square,Core.Abstractions.IPiece>)
FNDA:59,System.Collections.Generic.IReadOnlyCollection`1<Core.Abstractions.Move> Core.Extensions.SpecializedMoves.PawnRush::PawnFirstMove(Core.Abstractions.IPiece,System.Collections.Generic.IReadOnlyDictionary`2<Core.Abstractions.Square,Core.Abstractions.IPiece>)
DA:22,59
DA:23,59
DA:25,59
DA:27,59
DA:28,59
DA:29,59
DA:30,59
DA:31,59
DA:32,59
DA:33,59
DA:34,59
DA:35,59
DA:36,59
DA:37,59
DA:38,59
DA:39,59
DA:40,59
DA:41,59
DA:42,59
DA:43,59
DA:44,59
DA:45,59
DA:47,59
DA:48,17
DA:49,16
DA:50,59
DA:51,59
BRDA:27,27,0,58
BRDA:27,30,0,57
BRDA:27,44,0,28
BRDA:27,44,1,29
BRDA:27,50,0,20
BRDA:27,61,0,10
BRDA:27,61,1,10
BRDA:27,27,1,41
BRDA:27,30,1,41
BRDA:27,50,1,41
BRDA:27,79,0,41
BRDA:27,79,1,18
BRDA:27,98,0,9
BRDA:27,98,1,9
LF:27
LH:27
BRF:14
BRH:14
FNF:1
FNH:1
end_of_record
SF:H:\source\repos\Mate\Source\Core\Elements\Board.cs
FN:15,System.Collections.Generic.IReadOnlyDictionary`2<Core.Abstractions.Square,Core.Abstractions.IPiece> Core.Elements.Board::get_Position()
FNDA:811,System.Collections.Generic.IReadOnlyDictionary`2<Core.Abstractions.Square,Core.Abstractions.IPiece> Core.Elements.Board::get_Position()
DA:16,811
FN:22,System.Collections.Generic.Dictionary`2<Core.Abstractions.Square,Core.Abstractions.IPiece> Core.Elements.Board::get_Pieces()
FNDA:1310,System.Collections.Generic.Dictionary`2<Core.Abstractions.Square,Core.Abstractions.IPiece> Core.Elements.Board::get_Pieces()
DA:23,1310
FN:28,System.Void Core.Elements.Board::.ctor()
FNDA:225,System.Void Core.Elements.Board::.ctor()
DA:29,225
FN:36,System.Void Core.Elements.Board::.ctor(System.Collections.Generic.IReadOnlyDictionary`2<Core.Abstractions.Square,Core.Abstractions.IPiece>)
FNDA:54,System.Void Core.Elements.Board::.ctor(System.Collections.Generic.IReadOnlyDictionary`2<Core.Abstractions.Square,Core.Abstractions.IPiece>)
DA:37,54
DA:38,162
LF:5
LH:5
BRF:0
BRH:0
FNF:4
FNH:4
end_of_record
SF:H:\source\repos\Mate\Source\Core\Elements\Rules\Custom.cs
FN:53,System.Collections.Generic.IReadOnlyCollection`1<Core.Abstractions.Move> Core.Elements.Rules.Custom::AvailableMoves(System.Boolean)
FNDA:16,System.Collections.Generic.IReadOnlyCollection`1<Core.Abstractions.Move> Core.Elements.Rules.Custom::AvailableMoves(System.Boolean)
DA:54,16
DA:56,16
DA:57,16
FN:65,System.Collections.Generic.IReadOnlyCollection`1<Core.Abstractions.Move> Core.Elements.Rules.Custom::AllMoves(System.Boolean)
FNDA:30,System.Collections.Generic.IReadOnlyCollection`1<Core.Abstractions.Move> Core.Elements.Rules.Custom::AllMoves(System.Boolean)
DA:66,30
DA:68,360
DA:71,195
DA:74,30
DA:75,165
DA:76,49
DA:77,30
DA:78,49
DA:79,49
DA:80,30
DA:83,30
DA:84,165
DA:85,30
DA:86,29
DA:87,30
DA:90,30
DA:91,30
DA:92,30
DA:93,961
DA:94,30
DA:95,30
FN:27,System.Void Core.Elements.Rules.Custom::.ctor(System.Collections.Generic.IReadOnlyDictionary`2<Core.Abstractions.Square,Core.Abstractions.IPiece>)
FNDA:10,System.Void Core.Elements.Rules.Custom::.ctor(System.Collections.Generic.IReadOnlyDictionary`2<Core.Abstractions.Square,Core.Abstractions.IPiece>)
DA:28,10
DA:29,10
DA:30,30
FN:40,System.Void Core.Elements.Rules.Custom::.ctor(System.Collections.Generic.IReadOnlyDictionary`2<Core.Abstractions.Square,Core.Abstractions.IPiece>,System.Collections.Generic.HashSet`1<Core.Abstractions.MoveType>)
FNDA:22,System.Void Core.Elements.Rules.Custom::.ctor(System.Collections.Generic.IReadOnlyDictionary`2<Core.Abstractions.Square,Core.Abstractions.IPiece>,System.Collections.Generic.HashSet`1<Core.Abstractions.MoveType>)
DA:41,22
DA:42,22
DA:43,22
DA:44,22
LF:31
LH:31
BRF:0
BRH:0
FNF:4
FNH:4
end_of_record
SF:H:\source\repos\Mate\Source\Core\Elements\Pieces\Bishop.cs
FN:25,System.Collections.Generic.IReadOnlyCollection`1<Core.Abstractions.Move> Core.Elements.Pieces.Bishop::AvailableMoves(System.Collections.Generic.IReadOnlyDictionary`2<Core.Abstractions.Square,Core.Abstractions.IPiece>)
FNDA:22,System.Collections.Generic.IReadOnlyCollection`1<Core.Abstractions.Move> Core.Elements.Pieces.Bishop::AvailableMoves(System.Collections.Generic.IReadOnlyDictionary`2<Core.Abstractions.Square,Core.Abstractions.IPiece>)
DA:26,22
DA:27,44
DA:28,132
DA:29,88
DA:30,22
FN:17,System.Void Core.Elements.Pieces.Bishop::.ctor(System.Boolean)
FNDA:144,System.Void Core.Elements.Pieces.Bishop::.ctor(System.Boolean)
DA:18,144
LF:6
LH:6
BRF:0
BRH:0
FNF:2
FNH:2
end_of_record
SF:H:\source\repos\Mate\Source\Core\Elements\Pieces\King.cs
FN:24,System.Collections.Generic.IReadOnlyCollection`1<Core.Abstractions.Move> Core.Elements.Pieces.King::AvailableMoves(System.Collections.Generic.IReadOnlyDictionary`2<Core.Abstractions.Square,Core.Abstractions.IPiece>)
FNDA:30,System.Collections.Generic.IReadOnlyCollection`1<Core.Abstractions.Move> Core.Elements.Pieces.King::AvailableMoves(System.Collections.Generic.IReadOnlyDictionary`2<Core.Abstractions.Square,Core.Abstractions.IPiece>)
DA:25,30
FN:16,System.Void Core.Elements.Pieces.King::.ctor(System.Boolean)
FNDA:282,System.Void Core.Elements.Pieces.King::.ctor(System.Boolean)
DA:17,282
LF:2
LH:2
BRF:0
BRH:0
FNF:2
FNH:2
end_of_record
SF:H:\source\repos\Mate\Source\Core\Elements\Pieces\Knight.cs
FN:25,System.Collections.Generic.IReadOnlyCollection`1<Core.Abstractions.Move> Core.Elements.Pieces.Knight::AvailableMoves(System.Collections.Generic.IReadOnlyDictionary`2<Core.Abstractions.Square,Core.Abstractions.IPiece>)
FNDA:23,System.Collections.Generic.IReadOnlyCollection`1<Core.Abstractions.Move> Core.Elements.Pieces.Knight::AvailableMoves(System.Collections.Generic.IReadOnlyDictionary`2<Core.Abstractions.Square,Core.Abstractions.IPiece>)
DA:26,23
DA:27,23
DA:29,23
DA:30,46
DA:31,138
DA:32,184
DA:33,184
DA:34,184
DA:35,23
DA:36,23
FN:17,System.Void Core.Elements.Pieces.Knight::.ctor(System.Boolean)
FNDA:153,System.Void Core.Elements.Pieces.Knight::.ctor(System.Boolean)
DA:18,153
LF:11
LH:11
BRF:0
BRH:0
FNF:2
FNH:2
end_of_record
SF:H:\source\repos\Mate\Source\Core\Elements\Pieces\Pawn.cs
FN:25,System.Collections.Generic.IReadOnlyCollection`1<Core.Abstractions.Move> Core.Elements.Pieces.Pawn::AvailableMoves(System.Collections.Generic.IReadOnlyDictionary`2<Core.Abstractions.Square,Core.Abstractions.IPiece>)
FNDA:61,System.Collections.Generic.IReadOnlyCollection`1<Core.Abstractions.Move> Core.Elements.Pieces.Pawn::AvailableMoves(System.Collections.Generic.IReadOnlyDictionary`2<Core.Abstractions.Square,Core.Abstractions.IPiece>)
DA:26,61
DA:27,61
DA:28,61
DA:29,75
DA:30,61
FN:38,System.Collections.Generic.IReadOnlyCollection`1<Core.Abstractions.Move> Core.Elements.Pieces.Pawn::PawnAttack(System.Collections.Generic.IReadOnlyDictionary`2<Core.Abstractions.Square,Core.Abstractions.IPiece>)
FNDA:61,System.Collections.Generic.IReadOnlyCollection`1<Core.Abstractions.Move> Core.Elements.Pieces.Pawn::PawnAttack(System.Collections.Generic.IReadOnlyDictionary`2<Core.Abstractions.Square,Core.Abstractions.IPiece>)
DA:39,61
DA:40,122
DA:41,107
DA:42,61
FN:50,System.Collections.Generic.IReadOnlyCollection`1<Core.Abstractions.Move> Core.Elements.Pieces.Pawn::PawnMoveForward(System.Collections.Generic.IReadOnlyDictionary`2<Core.Abstractions.Square,Core.Abstractions.IPiece>)
FNDA:61,System.Collections.Generic.IReadOnlyCollection`1<Core.Abstractions.Move> Core.Elements.Pieces.Pawn::PawnMoveForward(System.Collections.Generic.IReadOnlyDictionary`2<Core.Abstractions.Square,Core.Abstractions.IPiece>)
DA:51,61
DA:52,58
DA:53,61
FN:62,System.Collections.Generic.IReadOnlyCollection`1<Core.Abstractions.Move> Core.Elements.Pieces.Pawn::UpdateToPromotions(Core.Abstractions.Move)
FNDA:75,System.Collections.Generic.IReadOnlyCollection`1<Core.Abstractions.Move> Core.Elements.Pieces.Pawn::UpdateToPromotions(Core.Abstractions.Move)
DA:63,75
DA:64,75
DA:65,75
DA:66,75
DA:67,75
DA:68,75
DA:69,75
DA:70,75
DA:71,75
DA:72,120
DA:73,75
BRDA:63,35,0,39
BRDA:63,35,1,36
BRDA:63,41,0,30
BRDA:63,41,1,45
FN:17,System.Void Core.Elements.Pieces.Pawn::.ctor(System.Boolean)
FNDA:540,System.Void Core.Elements.Pieces.Pawn::.ctor(System.Boolean)
DA:18,540
LF:24
LH:24
BRF:4
BRH:4
FNF:5
FNH:5
end_of_record
SF:H:\source\repos\Mate\Source\Core\Elements\Pieces\Queen.cs
FN:24,System.Collections.Generic.IReadOnlyCollection`1<Core.Abstractions.Move> Core.Elements.Pieces.Queen::AvailableMoves(System.Collections.Generic.IReadOnlyDictionary`2<Core.Abstractions.Square,Core.Abstractions.IPiece>)
FNDA:22,System.Collections.Generic.IReadOnlyCollection`1<Core.Abstractions.Move> Core.Elements.Pieces.Queen::AvailableMoves(System.Collections.Generic.IReadOnlyDictionary`2<Core.Abstractions.Square,Core.Abstractions.IPiece>)
DA:25,22
FN:16,System.Void Core.Elements.Pieces.Queen::.ctor(System.Boolean)
FNDA:162,System.Void Core.Elements.Pieces.Queen::.ctor(System.Boolean)
DA:17,162
LF:2
LH:2
BRF:0
BRH:0
FNF:2
FNH:2
end_of_record
SF:H:\source\repos\Mate\Source\Core\Elements\Pieces\Rook.cs
FN:25,System.Collections.Generic.IReadOnlyCollection`1<Core.Abstractions.Move> Core.Elements.Pieces.Rook::AvailableMoves(System.Collections.Generic.IReadOnlyDictionary`2<Core.Abstractions.Square,Core.Abstractions.IPiece>)
FNDA:25,System.Collections.Generic.IReadOnlyCollection`1<Core.Abstractions.Move> Core.Elements.Pieces.Rook::AvailableMoves(System.Collections.Generic.IReadOnlyDictionary`2<Core.Abstractions.Square,Core.Abstractions.IPiece>)
DA:26,25
DA:27,50
DA:28,150
DA:29,100
DA:30,25
FN:17,System.Void Core.Elements.Pieces.Rook::.ctor(System.Boolean)
FNDA:207,System.Void Core.Elements.Pieces.Rook::.ctor(System.Boolean)
DA:18,207
LF:6
LH:6
BRF:0
BRH:0
FNF:2
FNH:2
end_of_record
SF:H:\source\repos\Mate\Source\Core\Abstractions\Chess.cs
FN:17,Core.Elements.Board Core.Abstractions.Chess::get_Board()
FNDA:497,Core.Elements.Board Core.Abstractions.Chess::get_Board()
DA:18,497
FN:23,System.Collections.Generic.List`1<Core.Abstractions.MoveEntry> Core.Abstractions.Chess::get__moveEntries()
FNDA:167,System.Collections.Generic.List`1<Core.Abstractions.MoveEntry> Core.Abstractions.Chess::get__moveEntries()
DA:24,167
FN:29,System.Collections.Generic.IReadOnlyDictionary`2<Core.Abstractions.Square,Core.Abstractions.IPiece> Core.Abstractions.Chess::get_Position()
FNDA:491,System.Collections.Generic.IReadOnlyDictionary`2<Core.Abstractions.Square,Core.Abstractions.IPiece> Core.Abstractions.Chess::get_Position()
DA:30,491
FN:37,System.Collections.Generic.IReadOnlyCollection`1<Core.Abstractions.MoveEntry> Core.Abstractions.Chess::get_MoveEntries()
FNDA:134,System.Collections.Generic.IReadOnlyCollection`1<Core.Abstractions.MoveEntry> Core.Abstractions.Chess::get_MoveEntries()
DA:38,134
FN:61,System.Void Core.Abstractions.Chess::PlaceAt(Core.Abstractions.Square,Core.Abstractions.IPiece)
FNDA:5,System.Void Core.Abstractions.Chess::PlaceAt(Core.Abstractions.Square,Core.Abstractions.IPiece)
DA:62,5
DA:63,5
DA:64,1
DA:65,1
DA:66,1
DA:68,4
DA:69,4
BRDA:63,15,0,1
BRDA:63,15,1,4
FN:77,System.Void Core.Abstractions.Chess::Clear(Core.Abstractions.Square)
FNDA:3,System.Void Core.Abstractions.Chess::Clear(Core.Abstractions.Square)
DA:78,3
DA:79,3
DA:80,1
DA:81,1
DA:82,1
DA:84,2
DA:85,2
BRDA:79,18,0,1
BRDA:79,18,1,2
FN:91,System.Void Core.Abstractions.Chess::Add(Core.Abstractions.MoveEntry)
FNDA:1,System.Void Core.Abstractions.Chess::Add(Core.Abstractions.MoveEntry)
DA:92,1
FN:115,System.Collections.Generic.IReadOnlyDictionary`2<Core.Abstractions.Square,Core.Abstractions.IPiece> Core.Abstractions.Chess::Core.Abstractions.IChess.get_Position()
FNDA:95,System.Collections.Generic.IReadOnlyDictionary`2<Core.Abstractions.Square,Core.Abstractions.IPiece> Core.Abstractions.Chess::Core.Abstractions.IChess.get_Position()
DA:116,95
FN:120,System.Collections.Generic.IReadOnlyCollection`1<Core.Abstractions.MoveEntry> Core.Abstractions.Chess::Core.Abstractions.IChess.get_MoveEntries()
FNDA:7,System.Collections.Generic.IReadOnlyCollection`1<Core.Abstractions.MoveEntry> Core.Abstractions.Chess::Core.Abstractions.IChess.get_MoveEntries()
DA:121,7
FN:127,System.Collections.Generic.IReadOnlyCollection`1<Core.Abstractions.Move> Core.Abstractions.Chess::Core.Abstractions.IChess.AvailableMoves(System.Boolean)
FNDA:17,System.Collections.Generic.IReadOnlyCollection`1<Core.Abstractions.Move> Core.Abstractions.Chess::Core.Abstractions.IChess.AvailableMoves(System.Boolean)
DA:128,17
FN:134,System.Void Core.Abstractions.Chess::Core.Abstractions.IChess.Add(Core.Abstractions.MoveEntry)
FNDA:1,System.Void Core.Abstractions.Chess::Core.Abstractions.IChess.Add(Core.Abstractions.MoveEntry)
DA:135,1
FN:42,System.Void Core.Abstractions.Chess::.ctor()
FNDA:21,System.Void Core.Abstractions.Chess::.ctor()
DA:43,21
FN:49,System.Void Core.Abstractions.Chess::.ctor(System.Collections.Generic.IReadOnlyDictionary`2<Core.Abstractions.Square,Core.Abstractions.IPiece>)
FNDA:32,System.Void Core.Abstractions.Chess::.ctor(System.Collections.Generic.IReadOnlyDictionary`2<Core.Abstractions.Square,Core.Abstractions.IPiece>)
DA:50,32
DA:51,96
LF:26
LH:26
BRF:4
BRH:4
FNF:13
FNH:13
end_of_record
SF:H:\source\repos\Mate\Source\Core\Abstractions\Move.cs
FN:11,Core.Abstractions.Square Core.Abstractions.Move::get_FromSquare()
FNDA:385,Core.Abstractions.Square Core.Abstractions.Move::get_FromSquare()
DA:12,385
FN:17,Core.Abstractions.Square Core.Abstractions.Move::get_ToSquare()
FNDA:584,Core.Abstractions.Square Core.Abstractions.Move::get_ToSquare()
DA:18,584
FN:23,Core.Abstractions.MoveType Core.Abstractions.Move::get_Type()
FNDA:2567,Core.Abstractions.MoveType Core.Abstractions.Move::get_Type()
DA:24,2567
FN:34,System.Void Core.Abstractions.Move::.ctor(Core.Abstractions.Square,Core.Abstractions.Square,Core.Abstractions.MoveType)
FNDA:1376,System.Void Core.Abstractions.Move::.ctor(Core.Abstractions.Square,Core.Abstractions.Square,Core.Abstractions.MoveType)
DA:35,1376
DA:36,1376
DA:37,1376
DA:38,1376
DA:39,1376
DA:40,1376
LF:9
LH:9
BRF:0
BRH:0
FNF:4
FNH:4
end_of_record
SF:H:\source\repos\Mate\Source\Core\Abstractions\MoveEntry.cs
FN:14,Core.Abstractions.Move Core.Abstractions.MoveEntry::get_Move()
FNDA:19,Core.Abstractions.Move Core.Abstractions.MoveEntry::get_Move()
DA:15,19
FN:20,System.Collections.Generic.IReadOnlyDictionary`2<Core.Abstractions.Square,Core.Abstractions.IPiece> Core.Abstractions.MoveEntry::get_Position()
FNDA:5,System.Collections.Generic.IReadOnlyDictionary`2<Core.Abstractions.Square,Core.Abstractions.IPiece> Core.Abstractions.MoveEntry::get_Position()
DA:21,5
FN:26,Core.Elements.Board Core.Abstractions.MoveEntry::get_board()
FNDA:5,Core.Elements.Board Core.Abstractions.MoveEntry::get_board()
DA:27,5
FN:36,System.Void Core.Abstractions.MoveEntry::.ctor(Core.Abstractions.Move,System.Collections.Generic.IReadOnlyDictionary`2<Core.Abstractions.Square,Core.Abstractions.IPiece>)
FNDA:20,System.Void Core.Abstractions.MoveEntry::.ctor(Core.Abstractions.Move,System.Collections.Generic.IReadOnlyDictionary`2<Core.Abstractions.Square,Core.Abstractions.IPiece>)
DA:37,20
DA:38,20
DA:39,20
DA:40,20
DA:41,20
FN:49,System.Void Core.Abstractions.MoveEntry::.ctor(Core.Abstractions.Move,Core.Elements.Board)
FNDA:3,System.Void Core.Abstractions.MoveEntry::.ctor(Core.Abstractions.Move,Core.Elements.Board)
DA:50,3
LF:9
LH:9
BRF:0
BRH:0
FNF:5
FNH:5
end_of_record
SF:H:\source\repos\Mate\Source\Core\Abstractions\Piece.cs
FN:14,System.Boolean Core.Abstractions.Piece::get_Color()
FNDA:2118,System.Boolean Core.Abstractions.Piece::get_Color()
DA:15,2118
FN:41,Core.Abstractions.Square Core.Abstractions.Piece::GetSquareFrom(System.Collections.Generic.IReadOnlyDictionary`2<Core.Abstractions.Square,Core.Abstractions.IPiece>)
FNDA:1482,Core.Abstractions.Square Core.Abstractions.Piece::GetSquareFrom(System.Collections.Generic.IReadOnlyDictionary`2<Core.Abstractions.Square,Core.Abstractions.IPiece>)
DA:42,1482
DA:43,8960
DA:44,10442
FN:49,System.Boolean Core.Abstractions.Piece::Core.Abstractions.IPiece.get_Color()
FNDA:1860,System.Boolean Core.Abstractions.Piece::Core.Abstractions.IPiece.get_Color()
DA:50,1860
FN:55,System.Collections.Generic.IReadOnlyCollection`1<Core.Abstractions.Move> Core.Abstractions.Piece::Core.Abstractions.IPiece.AvailableMoves(System.Collections.Generic.IReadOnlyDictionary`2<Core.Abstractions.Square,Core.Abstractions.IPiece>)
FNDA:192,System.Collections.Generic.IReadOnlyCollection`1<Core.Abstractions.Move> Core.Abstractions.Piece::Core.Abstractions.IPiece.AvailableMoves(System.Collections.Generic.IReadOnlyDictionary`2<Core.Abstractions.Square,Core.Abstractions.IPiece>)
DA:56,192
DA:57,192
DA:58,1
DA:60,191
DA:61,192
BRDA:57,13,0,1
BRDA:57,13,1,191
FN:20,System.Void Core.Abstractions.Piece::.ctor(System.Boolean)
FNDA:669,System.Void Core.Abstractions.Piece::.ctor(System.Boolean)
DA:21,669
DA:22,669
DA:23,669
DA:24,669
LF:14
LH:14
BRF:2
BRH:2
FNF:5
FNH:5
end_of_record
SF:H:\source\repos\Mate\Source\Core\Abstractions\Royalty.cs
FN:28,System.Collections.Generic.IReadOnlyCollection`1<Core.Abstractions.Move> Core.Abstractions.Royalty::RoyalAttack(System.Collections.Generic.IReadOnlyDictionary`2<Core.Abstractions.Square,Core.Abstractions.IPiece>,System.UInt32)
FNDA:56,System.Collections.Generic.IReadOnlyCollection`1<Core.Abstractions.Move> Core.Abstractions.Royalty::RoyalAttack(System.Collections.Generic.IReadOnlyDictionary`2<Core.Abstractions.Square,Core.Abstractions.IPiece>,System.UInt32)
DA:29,56
DA:30,224
DA:31,672
DA:32,448
DA:33,56
FN:18,System.Void Core.Abstractions.Royalty::.ctor(System.Boolean)
FNDA:465,System.Void Core.Abstractions.Royalty::.ctor(System.Boolean)
DA:19,465
LF:6
LH:6
BRF:0
BRH:0
FNF:2
FNH:2
end_of_record
SF:H:\source\repos\Mate\Source\Core\Abstractions\Square.cs
FN:13,Core.Abstractions.Files Core.Abstractions.Square::get_File()
FNDA:2418,Core.Abstractions.Files Core.Abstractions.Square::get_File()
DA:14,2418
FN:19,Core.Abstractions.Ranks Core.Abstractions.Square::get_Rank()
FNDA:2352,Core.Abstractions.Ranks Core.Abstractions.Square::get_Rank()
DA:20,2352
FN:25,System.Boolean Core.Abstractions.Square::get_Color()
FNDA:2,System.Boolean Core.Abstractions.Square::get_Color()
DA:26,2
FN:49,System.Boolean Core.Abstractions.Square::IsSameFileAs(Core.Abstractions.Square)
FNDA:112,System.Boolean Core.Abstractions.Square::IsSameFileAs(Core.Abstractions.Square)
DA:50,112
FN:56,System.Boolean Core.Abstractions.Square::IsSameRankAs(Core.Abstractions.Square)
FNDA:114,System.Boolean Core.Abstractions.Square::IsSameRankAs(Core.Abstractions.Square)
DA:57,114
FN:63,System.Boolean Core.Abstractions.Square::IsSameSquareAs(Core.Abstractions.Square)
FNDA:111,System.Boolean Core.Abstractions.Square::IsSameSquareAs(Core.Abstractions.Square)
DA:64,111
BRDA:64,7,0,71
BRDA:64,7,1,40
FN:70,System.Boolean Core.Abstractions.Square::GetColor()
FNDA:2,System.Boolean Core.Abstractions.Square::GetColor()
DA:71,2
DA:72,2
FN:33,System.Void Core.Abstractions.Square::.ctor(Core.Abstractions.Files,Core.Abstractions.Ranks)
FNDA:7677,System.Void Core.Abstractions.Square::.ctor(Core.Abstractions.Files,Core.Abstractions.Ranks)
DA:34,7677
FN:42,System.Void Core.Abstractions.Square::.ctor(Core.Abstractions.Square)
FNDA:78,System.Void Core.Abstractions.Square::.ctor(Core.Abstractions.Square)
DA:43,78
LF:10
LH:10
BRF:2
BRH:2
FNF:9
FNH:9
end_of_record