SF:H:\source\repos\Mate\Source\Core\Extensions\Attacking.cs
FN:28,Core.Abstractions.Move Core.Extensions.Attacking::AttackSquare(Core.Abstractions.Piece,Core.Abstractions.Square,System.Collections.Generic.IReadOnlyDictionary`2<Core.Abstractions.Square,Core.Abstractions.IPiece>)
FNDA:41,Core.Abstractions.Move Core.Extensions.Attacking::AttackSquare(Core.Abstractions.Piece,Core.Abstractions.Square,System.Collections.Generic.IReadOnlyDictionary`2<Core.Abstractions.Square,Core.Abstractions.IPiece>)
DA:29,41
DA:30,41
DA:32,42
DA:34,40
DA:35,41
BRDA:32,15,0,1
BRDA:32,15,1,40
FN:54,System.Collections.Generic.IReadOnlyCollection`1<Core.Abstractions.Move> Core.Extensions.Attacking::Attack(Core.Abstractions.Piece,Core.Abstractions.Through,System.Boolean,System.Collections.Generic.IReadOnlyDictionary`2<Core.Abstractions.Square,Core.Abstractions.IPiece>,System.UInt32)
FNDA:129,System.Collections.Generic.IReadOnlyCollection`1<Core.Abstractions.Move> Core.Extensions.Attacking::Attack(Core.Abstractions.Piece,Core.Abstractions.Through,System.Boolean,System.Collections.Generic.IReadOnlyDictionary`2<Core.Abstractions.Square,Core.Abstractions.IPiece>,System.UInt32)
DA:55,129
DA:56,129
DA:58,129
DA:59,129
DA:60,129
DA:61,129
DA:62,129
DA:63,129
DA:64,129
BRDA:58,10,0,128
BRDA:58,10,1,1
FN:79,Core.Abstractions.Move Core.Extensions.Attacking::AttackSquare(Core.Abstractions.Square,Core.Abstractions.Square,System.Collections.Generic.IReadOnlyDictionary`2<Core.Abstractions.Square,Core.Abstractions.IPiece>)
FNDA:329,Core.Abstractions.Move Core.Extensions.Attacking::AttackSquare(Core.Abstractions.Square,Core.Abstractions.Square,System.Collections.Generic.IReadOnlyDictionary`2<Core.Abstractions.Square,Core.Abstractions.IPiece>)
DA:80,329
DA:81,398
DA:83,260
DA:84,214
DA:86,46
DA:87,27
DA:89,19
DA:90,329
BRDA:81,7,0,69
BRDA:81,7,1,260
BRDA:83,27,0,214
BRDA:83,27,1,46
BRDA:86,67,0,27
BRDA:86,67,1,19
FN:108,System.Boolean Core.Extensions.Attacking/<Attack>d__3::MoveNext()
FNDA:128,System.Boolean Core.Extensions.Attacking/<Attack>d__3::MoveNext()
DA:109,128
DA:110,128
DA:112,128
DA:114,128
DA:115,128
DA:116,128
DA:117,128
DA:119,289
DA:120,223
DA:121,223
DA:123,183
DA:125,161
DA:126,161
DA:127,161
DA:128,161
DA:129,161
DA:130,66
BRDA:114,75,0,59
BRDA:114,75,1,69
BRDA:119,264,1,223
BRDA:123,163,0,11
BRDA:123,163,1,161
BRDA:125,192,0,57
BRDA:125,192,1,104
BRDA:119,264,0,66
LF:39
LH:39
BRF:18
BRH:18
FNF:4
FNH:4
end_of_record
SF:H:\source\repos\Mate\Source\Core\Extensions\Helper.cs
FN:18,System.Boolean Core.Extensions.Helper::AddNonNull(System.Collections.Generic.HashSet`1<T>,T)
FNDA:12,System.Boolean Core.Extensions.Helper::AddNonNull(System.Collections.Generic.HashSet`1<T>,T)
DA:19,12
BRDA:19,6,0,4
BRDA:19,6,1,8
FN:33,System.Collections.Generic.IReadOnlyCollection`1<T> Core.Extensions.Helper::Unify(System.Collections.Generic.IReadOnlyCollection`1<T>,System.Collections.Generic.IReadOnlyCollection`1<T>)
FNDA:17,System.Collections.Generic.IReadOnlyCollection`1<T> Core.Extensions.Helper::Unify(System.Collections.Generic.IReadOnlyCollection`1<T>,System.Collections.Generic.IReadOnlyCollection`1<T>)
DA:34,17
FN:47,System.Boolean Core.Extensions.Helper::HasMoved(Core.Abstractions.IPiece,System.Collections.Generic.IReadOnlyDictionary`2<Core.Abstractions.Square,Core.Abstractions.IPiece>,System.Collections.Generic.IReadOnlyCollection`1<Core.Abstractions.MoveEntry>)
FNDA:26,System.Boolean Core.Extensions.Helper::HasMoved(Core.Abstractions.IPiece,System.Collections.Generic.IReadOnlyDictionary`2<Core.Abstractions.Square,Core.Abstractions.IPiece>,System.Collections.Generic.IReadOnlyCollection`1<Core.Abstractions.MoveEntry>)
DA:48,26
DA:49,26
DA:51,40
DA:52,26
BRDA:51,31,0,5
BRDA:51,39,0,5
BRDA:51,31,1,21
BRDA:51,39,1,21
FN:65,System.Collections.Generic.IReadOnlyCollection`1<Core.Abstractions.Square> Core.Extensions.Helper::InBetweenSquares(Core.Abstractions.Square,Core.Abstractions.Square)
FNDA:18,System.Collections.Generic.IReadOnlyCollection`1<Core.Abstractions.Square> Core.Extensions.Helper::InBetweenSquares(Core.Abstractions.Square,Core.Abstractions.Square)
DA:66,18
DA:67,18
DA:68,2
DA:69,2
DA:70,2
DA:72,16
DA:73,16
DA:74,35
DA:75,35
DA:76,16
DA:77,16
BRDA:67,38,0,17
BRDA:67,38,1,1
BRDA:67,62,0,2
BRDA:67,62,1,16
BRDA:74,22,0,15
BRDA:74,22,1,20
LF:17
LH:17
BRF:12
BRH:12
FNF:4
FNH:4
end_of_record
SF:H:\source\repos\Mate\Source\Core\Extensions\Legality.cs
FN:18,System.Boolean Core.Extensions.Legality::IsChecked(Core.Abstractions.IChess,System.Boolean)
FNDA:0,System.Boolean Core.Extensions.Legality::IsChecked(Core.Abstractions.IChess,System.Boolean)
DA:19,0
FN:27,System.Boolean Core.Extensions.Legality::IsLegal(Core.Abstractions.IChess,Core.Abstractions.Move)
FNDA:0,System.Boolean Core.Extensions.Legality::IsLegal(Core.Abstractions.IChess,Core.Abstractions.Move)
DA:28,0
LF:2
LH:0
BRF:0
BRH:0
FNF:2
FNH:0
end_of_record
SF:H:\source\repos\Mate\Source\Core\Extensions\Maneuverability.cs
FN:23,Core.Abstractions.Square Core.Extensions.Maneuverability::MovePlus(Core.Abstractions.Square,System.Int32,System.Int32)
FNDA:416,Core.Abstractions.Square Core.Extensions.Maneuverability::MovePlus(Core.Abstractions.Square,System.Int32,System.Int32)
DA:24,416
DA:25,416
DA:26,416
DA:28,416
DA:29,79
DA:31,337
DA:32,337
DA:33,337
DA:34,416
BRDA:28,40,0,363
BRDA:28,40,1,53
BRDA:28,71,0,79
BRDA:28,71,1,337
FN:47,Core.Abstractions.Square Core.Extensions.Maneuverability::Maneuver(Core.Abstractions.Square,Core.Abstractions.Through,System.Int32)
FNDA:379,Core.Abstractions.Square Core.Extensions.Maneuverability::Maneuver(Core.Abstractions.Square,Core.Abstractions.Through,System.Int32)
DA:48,379
DA:49,379
DA:50,119
DA:51,84
DA:52,76
DA:53,99
DA:54,379
DA:55,1
DA:56,1
DA:57,1
DA:58,379
BRDA:48,7,1,119
BRDA:48,7,2,84
BRDA:48,7,3,76
BRDA:48,7,4,99
BRDA:48,7,0,1
FN:69,System.Boolean Core.Extensions.Maneuverability::Process(Core.Abstractions.Chess,Core.Abstractions.Move)
FNDA:0,System.Boolean Core.Extensions.Maneuverability::Process(Core.Abstractions.Chess,Core.Abstractions.Move)
DA:70,0
DA:72,0
DA:75,0
DA:77,0
DA:79,0
DA:81,0
DA:83,0
DA:85,0
DA:87,0
DA:89,0
DA:91,0
DA:93,0
DA:94,0
BRDA:72,13,0,0
BRDA:72,13,1,0
BRDA:72,13,2,0
BRDA:72,13,3,0
BRDA:72,13,4,0
BRDA:72,13,5,0
BRDA:72,13,6,0
BRDA:72,13,7,0
BRDA:72,13,8,0
FN:104,System.Boolean Core.Extensions.Maneuverability::NormalMove(Core.Abstractions.Chess,Core.Abstractions.Move)
FNDA:0,System.Boolean Core.Extensions.Maneuverability::NormalMove(Core.Abstractions.Chess,Core.Abstractions.Move)
DA:105,0
DA:106,0
DA:107,0
DA:110,0
DA:111,0
BRDA:106,20,0,0
BRDA:106,20,1,0
LF:38
LH:20
BRF:20
BRH:9
FNF:4
FNH:2
end_of_record
SF:H:\source\repos\Mate\Source\Core\Extensions\Setup.cs
FN:26,System.Boolean Core.Extensions.Setup::AddPiece(Core.Elements.Board,Core.Abstractions.Square,System.Boolean)
FNDA:140,System.Boolean Core.Extensions.Setup::AddPiece(Core.Elements.Board,Core.Abstractions.Square,System.Boolean)
DA:27,140
DA:28,143
DA:30,137
DA:31,1
DA:33,136
DA:35,136
DA:36,140
BRDA:28,7,0,3
BRDA:28,7,1,137
BRDA:30,29,0,1
BRDA:30,29,1,136
FN:47,System.Boolean Core.Extensions.Setup::AddPiece(Core.Abstractions.Chess,Core.Abstractions.Square,Core.Abstractions.IPiece)
FNDA:0,System.Boolean Core.Extensions.Setup::AddPiece(Core.Abstractions.Chess,Core.Abstractions.Square,Core.Abstractions.IPiece)
DA:48,0
DA:49,0
DA:51,0
DA:53,0
DA:54,0
BRDA:49,15,0,0
BRDA:49,15,1,0
FN:65,System.Boolean Core.Extensions.Setup::RemovePiece(Core.Abstractions.Chess,Core.Abstractions.Square,Core.Abstractions.IPiece&)
FNDA:0,System.Boolean Core.Extensions.Setup::RemovePiece(Core.Abstractions.Chess,Core.Abstractions.Square,Core.Abstractions.IPiece&)
DA:66,0
DA:68,0
DA:69,0
DA:70,0
DA:71,0
DA:74,0
DA:75,0
DA:76,0
BRDA:68,18,0,0
BRDA:68,18,1,0
FN:83,System.Void Core.Extensions.Setup::Copy(Core.Elements.Board,System.Collections.Generic.IReadOnlyDictionary`2<Core.Abstractions.Square,Core.Abstractions.IPiece>)
FNDA:29,System.Void Core.Extensions.Setup::Copy(Core.Elements.Board,System.Collections.Generic.IReadOnlyDictionary`2<Core.Abstractions.Square,Core.Abstractions.IPiece>)
DA:84,29
DA:85,29
DA:86,44
DA:87,44
DA:88,44
DA:89,44
DA:90,29
LF:27
LH:14
BRF:8
BRH:4
FNF:4
FNH:2
end_of_record
SF:H:\source\repos\Mate\Source\Core\Extensions\SpecializedMoves\Castling.cs
FN:28,System.Collections.Generic.IReadOnlyCollection`1<Core.Abstractions.Move> Core.Extensions.SpecializedMoves.Castling::Castles(Core.Abstractions.IPiece,System.Collections.Generic.IReadOnlyDictionary`2<Core.Abstractions.Square,Core.Abstractions.IPiece>,System.Collections.Generic.IReadOnlyCollection`1<Core.Abstractions.MoveEntry>)
FNDA:15,System.Collections.Generic.IReadOnlyCollection`1<Core.Abstractions.Move> Core.Extensions.SpecializedMoves.Castling::Castles(Core.Abstractions.IPiece,System.Collections.Generic.IReadOnlyDictionary`2<Core.Abstractions.Square,Core.Abstractions.IPiece>,System.Collections.Generic.IReadOnlyCollection`1<Core.Abstractions.MoveEntry>)
DA:29,15
DA:30,15
DA:32,15
DA:33,15
DA:34,15
DA:35,15
DA:36,15
DA:37,5
DA:39,10
DA:40,27
DA:41,11
DA:42,10
DA:43,10
DA:45,10
DA:46,10
DA:47,10
DA:48,10
DA:49,34
DA:50,10
DA:51,8
DA:52,8
DA:53,8
DA:54,8
DA:55,8
DA:56,8
DA:57,8
DA:58,8
DA:59,8
DA:60,10
DA:61,15
BRDA:32,67,0,14
BRDA:32,75,0,13
BRDA:32,99,0,5
BRDA:32,99,1,8
BRDA:32,105,0,11
BRDA:32,67,1,4
BRDA:32,75,1,4
BRDA:32,105,1,4
BRDA:32,135,0,5
BRDA:32,135,1,10
BRDA:40,23,0,25
BRDA:40,23,1,2
BRDA:47,19,0,7
BRDA:47,19,1,10
BRDA:51,17,0,4
BRDA:51,17,1,4
LF:30
LH:30
BRF:16
BRH:16
FNF:1
FNH:1
end_of_record
SF:H:\source\repos\Mate\Source\Core\Extensions\SpecializedMoves\PawnPassant.cs
FN:25,System.Collections.Generic.IReadOnlyCollection`1<Core.Abstractions.Move> Core.Extensions.SpecializedMoves.PawnPassant::EnPassant(Core.Abstractions.IPiece,System.Collections.Generic.IReadOnlyDictionary`2<Core.Abstractions.Square,Core.Abstractions.IPiece>,System.Collections.Generic.IReadOnlyCollection`1<Core.Abstractions.MoveEntry>)
FNDA:12,System.Collections.Generic.IReadOnlyCollection`1<Core.Abstractions.Move> Core.Extensions.SpecializedMoves.PawnPassant::EnPassant(Core.Abstractions.IPiece,System.Collections.Generic.IReadOnlyDictionary`2<Core.Abstractions.Square,Core.Abstractions.IPiece>,System.Collections.Generic.IReadOnlyCollection`1<Core.Abstractions.MoveEntry>)
DA:26,12
DA:27,12
DA:29,14
DA:31,10
DA:33,11
DA:35,9
DA:37,9
DA:38,9
DA:39,9
DA:40,3
DA:42,18
DA:44,6
DA:45,6
DA:46,6
DA:47,4
DA:49,2
DA:50,2
DA:51,2
DA:52,2
DA:53,2
DA:54,2
DA:56,2
DA:57,12
BRDA:29,19,0,11
BRDA:29,19,1,1
BRDA:29,37,0,2
BRDA:29,37,1,10
BRDA:33,86,0,1
BRDA:33,86,1,9
BRDA:37,120,0,8
BRDA:37,139,0,4
BRDA:37,139,1,4
BRDA:37,120,1,1
BRDA:37,157,0,3
BRDA:37,157,1,6
BRDA:44,216,0,4
BRDA:44,235,0,2
BRDA:44,235,1,2
BRDA:44,216,1,2
BRDA:44,253,0,4
BRDA:44,253,1,2
BRDA:49,300,0,1
BRDA:49,300,1,1
LF:23
LH:23
BRF:20
BRH:20
FNF:1
FNH:1
end_of_record
SF:H:\source\repos\Mate\Source\Core\Extensions\SpecializedMoves\PawnRush.cs
FN:21,System.Collections.Generic.IReadOnlyCollection`1<Core.Abstractions.Move> Core.Extensions.SpecializedMoves.PawnRush::PawnFirstMove(Core.Abstractions.IPiece,System.Collections.Generic.IReadOnlyDictionary`2<Core.Abstractions.Square,Core.Abstractions.IPiece>)
FNDA:10,System.Collections.Generic.IReadOnlyCollection`1<Core.Abstractions.Move> Core.Extensions.SpecializedMoves.PawnRush::PawnFirstMove(Core.Abstractions.IPiece,System.Collections.Generic.IReadOnlyDictionary`2<Core.Abstractions.Square,Core.Abstractions.IPiece>)
DA:22,10
DA:23,10
DA:25,10
DA:27,10
DA:28,10
DA:29,10
DA:30,10
DA:31,10
DA:32,10
DA:33,10
DA:34,10
DA:35,10
DA:36,10
DA:37,10
DA:38,10
DA:39,10
DA:40,10
DA:41,10
DA:42,10
DA:43,10
DA:44,10
DA:45,10
DA:47,13
DA:48,10
BRDA:27,27,0,9
BRDA:27,30,0,8
BRDA:27,44,0,4
BRDA:27,44,1,4
BRDA:27,50,0,6
BRDA:27,61,0,3
BRDA:27,61,1,3
BRDA:27,27,1,6
BRDA:27,30,1,6
BRDA:27,50,1,6
BRDA:27,79,0,6
BRDA:27,79,1,4
BRDA:27,98,0,2
BRDA:27,98,1,2
LF:24
LH:24
BRF:14
BRH:14
FNF:1
FNH:1
end_of_record
SF:H:\source\repos\Mate\Source\Core\Elements\Board.cs
FN:15,System.Collections.Generic.IReadOnlyDictionary`2<Core.Abstractions.Square,Core.Abstractions.IPiece> Core.Elements.Board::get_Position()
FNDA:356,System.Collections.Generic.IReadOnlyDictionary`2<Core.Abstractions.Square,Core.Abstractions.IPiece> Core.Elements.Board::get_Position()
DA:16,356
FN:22,System.Collections.Generic.Dictionary`2<Core.Abstractions.Square,Core.Abstractions.IPiece> Core.Elements.Board::get_Pieces()
FNDA:643,System.Collections.Generic.Dictionary`2<Core.Abstractions.Square,Core.Abstractions.IPiece> Core.Elements.Board::get_Pieces()
DA:23,643
FN:28,System.Void Core.Elements.Board::.ctor()
FNDA:225,System.Void Core.Elements.Board::.ctor()
DA:29,225
FN:36,System.Void Core.Elements.Board::.ctor(System.Collections.Generic.IReadOnlyDictionary`2<Core.Abstractions.Square,Core.Abstractions.IPiece>)
FNDA:28,System.Void Core.Elements.Board::.ctor(System.Collections.Generic.IReadOnlyDictionary`2<Core.Abstractions.Square,Core.Abstractions.IPiece>)
DA:37,28
DA:38,84
LF:5
LH:5
BRF:0
BRH:0
FNF:4
FNH:4
end_of_record
SF:H:\source\repos\Mate\Source\Core\Elements\Rules\Custom.cs
FN:50,System.Collections.Generic.IReadOnlyCollection`1<Core.Abstractions.Move> Core.Elements.Rules.Custom::AvailableMoves(System.Boolean)
FNDA:0,System.Collections.Generic.IReadOnlyCollection`1<Core.Abstractions.Move> Core.Elements.Rules.Custom::AvailableMoves(System.Boolean)
DA:51,0
DA:52,0
FN:24,System.Void Core.Elements.Rules.Custom::.ctor(System.Collections.Generic.IReadOnlyDictionary`2<Core.Abstractions.Square,Core.Abstractions.IPiece>)
FNDA:1,System.Void Core.Elements.Rules.Custom::.ctor(System.Collections.Generic.IReadOnlyDictionary`2<Core.Abstractions.Square,Core.Abstractions.IPiece>)
DA:25,1
DA:26,1
DA:27,3
FN:37,System.Void Core.Elements.Rules.Custom::.ctor(System.Collections.Generic.IReadOnlyDictionary`2<Core.Abstractions.Square,Core.Abstractions.IPiece>,System.Collections.Generic.HashSet`1<Core.Abstractions.MoveType>)
FNDA:1,System.Void Core.Elements.Rules.Custom::.ctor(System.Collections.Generic.IReadOnlyDictionary`2<Core.Abstractions.Square,Core.Abstractions.IPiece>,System.Collections.Generic.HashSet`1<Core.Abstractions.MoveType>)
DA:38,1
DA:39,1
DA:40,1
DA:41,1
LF:9
LH:7
BRF:0
BRH:0
FNF:3
FNH:2
end_of_record
SF:H:\source\repos\Mate\Source\Core\Elements\Pieces\Bishop.cs
FN:25,System.Collections.Generic.IReadOnlyCollection`1<Core.Abstractions.Move> Core.Elements.Pieces.Bishop::AvailableMoves(System.Collections.Generic.IReadOnlyDictionary`2<Core.Abstractions.Square,Core.Abstractions.IPiece>)
FNDA:4,System.Collections.Generic.IReadOnlyCollection`1<Core.Abstractions.Move> Core.Elements.Pieces.Bishop::AvailableMoves(System.Collections.Generic.IReadOnlyDictionary`2<Core.Abstractions.Square,Core.Abstractions.IPiece>)
DA:26,4
DA:27,8
DA:28,24
DA:29,16
DA:30,4
FN:17,System.Void Core.Elements.Pieces.Bishop::.ctor(System.Boolean)
FNDA:30,System.Void Core.Elements.Pieces.Bishop::.ctor(System.Boolean)
DA:18,30
LF:6
LH:6
BRF:0
BRH:0
FNF:2
FNH:2
end_of_record
SF:H:\source\repos\Mate\Source\Core\Elements\Pieces\King.cs
FN:24,System.Collections.Generic.IReadOnlyCollection`1<Core.Abstractions.Move> Core.Elements.Pieces.King::AvailableMoves(System.Collections.Generic.IReadOnlyDictionary`2<Core.Abstractions.Square,Core.Abstractions.IPiece>)
FNDA:1,System.Collections.Generic.IReadOnlyCollection`1<Core.Abstractions.Move> Core.Elements.Pieces.King::AvailableMoves(System.Collections.Generic.IReadOnlyDictionary`2<Core.Abstractions.Square,Core.Abstractions.IPiece>)
DA:25,1
FN:16,System.Void Core.Elements.Pieces.King::.ctor(System.Boolean)
FNDA:99,System.Void Core.Elements.Pieces.King::.ctor(System.Boolean)
DA:17,99
LF:2
LH:2
BRF:0
BRH:0
FNF:2
FNH:2
end_of_record
SF:H:\source\repos\Mate\Source\Core\Elements\Pieces\Knight.cs
FN:25,System.Collections.Generic.IReadOnlyCollection`1<Core.Abstractions.Move> Core.Elements.Pieces.Knight::AvailableMoves(System.Collections.Generic.IReadOnlyDictionary`2<Core.Abstractions.Square,Core.Abstractions.IPiece>)
FNDA:4,System.Collections.Generic.IReadOnlyCollection`1<Core.Abstractions.Move> Core.Elements.Pieces.Knight::AvailableMoves(System.Collections.Generic.IReadOnlyDictionary`2<Core.Abstractions.Square,Core.Abstractions.IPiece>)
DA:26,4
DA:27,4
DA:29,4
DA:30,8
DA:31,24
DA:32,32
DA:33,32
DA:34,32
DA:35,4
DA:36,4
FN:17,System.Void Core.Elements.Pieces.Knight::.ctor(System.Boolean)
FNDA:30,System.Void Core.Elements.Pieces.Knight::.ctor(System.Boolean)
DA:18,30
LF:11
LH:11
BRF:0
BRH:0
FNF:2
FNH:2
end_of_record
SF:H:\source\repos\Mate\Source\Core\Elements\Pieces\Pawn.cs
FN:25,System.Collections.Generic.IReadOnlyCollection`1<Core.Abstractions.Move> Core.Elements.Pieces.Pawn::AvailableMoves(System.Collections.Generic.IReadOnlyDictionary`2<Core.Abstractions.Square,Core.Abstractions.IPiece>)
FNDA:12,System.Collections.Generic.IReadOnlyCollection`1<Core.Abstractions.Move> Core.Elements.Pieces.Pawn::AvailableMoves(System.Collections.Generic.IReadOnlyDictionary`2<Core.Abstractions.Square,Core.Abstractions.IPiece>)
DA:26,12
DA:27,12
DA:28,12
DA:29,16
DA:30,12
FN:38,System.Collections.Generic.IReadOnlyCollection`1<Core.Abstractions.Move> Core.Elements.Pieces.Pawn::PawnAttack(System.Collections.Generic.IReadOnlyDictionary`2<Core.Abstractions.Square,Core.Abstractions.IPiece>)
FNDA:12,System.Collections.Generic.IReadOnlyCollection`1<Core.Abstractions.Move> Core.Elements.Pieces.Pawn::PawnAttack(System.Collections.Generic.IReadOnlyDictionary`2<Core.Abstractions.Square,Core.Abstractions.IPiece>)
DA:39,12
DA:40,24
DA:41,24
DA:42,12
FN:50,System.Collections.Generic.IReadOnlyCollection`1<Core.Abstractions.Move> Core.Elements.Pieces.Pawn::PawnMoveForward(System.Collections.Generic.IReadOnlyDictionary`2<Core.Abstractions.Square,Core.Abstractions.IPiece>)
FNDA:12,System.Collections.Generic.IReadOnlyCollection`1<Core.Abstractions.Move> Core.Elements.Pieces.Pawn::PawnMoveForward(System.Collections.Generic.IReadOnlyDictionary`2<Core.Abstractions.Square,Core.Abstractions.IPiece>)
DA:51,12
DA:52,9
DA:53,12
FN:62,System.Collections.Generic.IReadOnlyCollection`1<Core.Abstractions.Move> Core.Elements.Pieces.Pawn::UpdateToPromotions(Core.Abstractions.Move)
FNDA:16,System.Collections.Generic.IReadOnlyCollection`1<Core.Abstractions.Move> Core.Elements.Pieces.Pawn::UpdateToPromotions(Core.Abstractions.Move)
DA:63,16
DA:64,16
DA:65,16
DA:66,16
DA:67,16
DA:68,16
DA:69,16
DA:70,16
DA:71,16
DA:72,28
DA:73,16
BRDA:63,35,0,7
BRDA:63,35,1,9
BRDA:63,41,0,7
BRDA:63,41,1,9
FN:17,System.Void Core.Elements.Pieces.Pawn::.ctor(System.Boolean)
FNDA:225,System.Void Core.Elements.Pieces.Pawn::.ctor(System.Boolean)
DA:18,225
LF:24
LH:24
BRF:4
BRH:4
FNF:5
FNH:5
end_of_record
SF:H:\source\repos\Mate\Source\Core\Elements\Pieces\Queen.cs
FN:24,System.Collections.Generic.IReadOnlyCollection`1<Core.Abstractions.Move> Core.Elements.Pieces.Queen::AvailableMoves(System.Collections.Generic.IReadOnlyDictionary`2<Core.Abstractions.Square,Core.Abstractions.IPiece>)
FNDA:1,System.Collections.Generic.IReadOnlyCollection`1<Core.Abstractions.Move> Core.Elements.Pieces.Queen::AvailableMoves(System.Collections.Generic.IReadOnlyDictionary`2<Core.Abstractions.Square,Core.Abstractions.IPiece>)
DA:25,1
FN:16,System.Void Core.Elements.Pieces.Queen::.ctor(System.Boolean)
FNDA:39,System.Void Core.Elements.Pieces.Queen::.ctor(System.Boolean)
DA:17,39
LF:2
LH:2
BRF:0
BRH:0
FNF:2
FNH:2
end_of_record
SF:H:\source\repos\Mate\Source\Core\Elements\Pieces\Rook.cs
FN:25,System.Collections.Generic.IReadOnlyCollection`1<Core.Abstractions.Move> Core.Elements.Pieces.Rook::AvailableMoves(System.Collections.Generic.IReadOnlyDictionary`2<Core.Abstractions.Square,Core.Abstractions.IPiece>)
FNDA:4,System.Collections.Generic.IReadOnlyCollection`1<Core.Abstractions.Move> Core.Elements.Pieces.Rook::AvailableMoves(System.Collections.Generic.IReadOnlyDictionary`2<Core.Abstractions.Square,Core.Abstractions.IPiece>)
DA:26,4
DA:27,8
DA:28,24
DA:29,16
DA:30,4
FN:17,System.Void Core.Elements.Pieces.Rook::.ctor(System.Boolean)
FNDA:84,System.Void Core.Elements.Pieces.Rook::.ctor(System.Boolean)
DA:18,84
LF:6
LH:6
BRF:0
BRH:0
FNF:2
FNH:2
end_of_record
SF:H:\source\repos\Mate\Source\Core\Abstractions\Chess.cs
FN:19,Core.Elements.Board Core.Abstractions.Chess::get_Board()
FNDA:43,Core.Elements.Board Core.Abstractions.Chess::get_Board()
DA:20,43
FN:25,System.Collections.Generic.List`1<Core.Abstractions.MoveEntry> Core.Abstractions.Chess::get__moveEntries()
FNDA:9,System.Collections.Generic.List`1<Core.Abstractions.MoveEntry> Core.Abstractions.Chess::get__moveEntries()
DA:26,9
FN:31,System.Collections.Generic.IReadOnlyDictionary`2<Core.Abstractions.Square,Core.Abstractions.IPiece> Core.Abstractions.Chess::get_Position()
FNDA:39,System.Collections.Generic.IReadOnlyDictionary`2<Core.Abstractions.Square,Core.Abstractions.IPiece> Core.Abstractions.Chess::get_Position()
DA:32,39
FN:39,System.Collections.Generic.IReadOnlyCollection`1<Core.Abstractions.MoveEntry> Core.Abstractions.Chess::get_MoveEntries()
FNDA:2,System.Collections.Generic.IReadOnlyCollection`1<Core.Abstractions.MoveEntry> Core.Abstractions.Chess::get_MoveEntries()
DA:40,2
FN:64,System.Void Core.Abstractions.Chess::PlaceAt(Core.Abstractions.Square,Core.Abstractions.IPiece)
FNDA:4,System.Void Core.Abstractions.Chess::PlaceAt(Core.Abstractions.Square,Core.Abstractions.IPiece)
DA:65,4
DA:66,4
DA:67,1
DA:68,1
DA:69,1
DA:71,3
DA:72,3
BRDA:66,15,0,1
BRDA:66,15,1,3
FN:80,System.Void Core.Abstractions.Chess::RemoveFrom(Core.Abstractions.Square)
FNDA:2,System.Void Core.Abstractions.Chess::RemoveFrom(Core.Abstractions.Square)
DA:81,2
DA:82,2
DA:83,1
DA:84,1
DA:85,1
DA:87,1
DA:88,1
BRDA:82,18,0,1
BRDA:82,18,1,1
FN:100,System.Collections.Generic.IReadOnlyDictionary`2<Core.Abstractions.Square,Core.Abstractions.IPiece> Core.Abstractions.Chess::Core.Abstractions.IChess.get_Position()
FNDA:26,System.Collections.Generic.IReadOnlyDictionary`2<Core.Abstractions.Square,Core.Abstractions.IPiece> Core.Abstractions.Chess::Core.Abstractions.IChess.get_Position()
DA:101,26
FN:105,System.Collections.Generic.IReadOnlyCollection`1<Core.Abstractions.MoveEntry> Core.Abstractions.Chess::Core.Abstractions.IChess.get_MoveEntries()
FNDA:2,System.Collections.Generic.IReadOnlyCollection`1<Core.Abstractions.MoveEntry> Core.Abstractions.Chess::Core.Abstractions.IChess.get_MoveEntries()
DA:106,2
FN:112,System.Collections.Generic.IReadOnlyCollection`1<Core.Abstractions.Move> Core.Abstractions.Chess::Core.Abstractions.IChess.AvailableMoves(System.Boolean)
FNDA:2,System.Collections.Generic.IReadOnlyCollection`1<Core.Abstractions.Move> Core.Abstractions.Chess::Core.Abstractions.IChess.AvailableMoves(System.Boolean)
DA:113,2
FN:44,System.Void Core.Abstractions.Chess::.ctor()
FNDA:15,System.Void Core.Abstractions.Chess::.ctor()
DA:45,15
FN:51,System.Void Core.Abstractions.Chess::.ctor(System.Collections.Generic.IReadOnlyDictionary`2<Core.Abstractions.Square,Core.Abstractions.IPiece>)
FNDA:7,System.Void Core.Abstractions.Chess::.ctor(System.Collections.Generic.IReadOnlyDictionary`2<Core.Abstractions.Square,Core.Abstractions.IPiece>)
DA:52,7
DA:53,21
LF:24
LH:24
BRF:4
BRH:4
FNF:11
FNH:11
end_of_record
SF:H:\source\repos\Mate\Source\Core\Abstractions\Move.cs
FN:11,Core.Abstractions.Square Core.Abstractions.Move::get_FromSquare()
FNDA:277,Core.Abstractions.Square Core.Abstractions.Move::get_FromSquare()
DA:12,277
FN:17,Core.Abstractions.Square Core.Abstractions.Move::get_ToSquare()
FNDA:351,Core.Abstractions.Square Core.Abstractions.Move::get_ToSquare()
DA:18,351
FN:23,Core.Abstractions.MoveType Core.Abstractions.Move::get_Type()
FNDA:579,Core.Abstractions.MoveType Core.Abstractions.Move::get_Type()
DA:24,579
FN:34,System.Void Core.Abstractions.Move::.ctor(Core.Abstractions.Square,Core.Abstractions.Square,Core.Abstractions.MoveType)
FNDA:302,System.Void Core.Abstractions.Move::.ctor(Core.Abstractions.Square,Core.Abstractions.Square,Core.Abstractions.MoveType)
DA:35,302
DA:36,302
DA:37,302
DA:38,302
DA:39,302
DA:40,302
LF:9
LH:9
BRF:0
BRH:0
FNF:4
FNH:4
end_of_record
SF:H:\source\repos\Mate\Source\Core\Abstractions\MoveEntry.cs
FN:14,Core.Abstractions.Move Core.Abstractions.MoveEntry::get_Move()
FNDA:18,Core.Abstractions.Move Core.Abstractions.MoveEntry::get_Move()
DA:15,18
FN:20,System.Collections.Generic.IReadOnlyDictionary`2<Core.Abstractions.Square,Core.Abstractions.IPiece> Core.Abstractions.MoveEntry::get_Position()
FNDA:2,System.Collections.Generic.IReadOnlyDictionary`2<Core.Abstractions.Square,Core.Abstractions.IPiece> Core.Abstractions.MoveEntry::get_Position()
DA:21,2
FN:26,Core.Elements.Board Core.Abstractions.MoveEntry::get_board()
FNDA:2,Core.Elements.Board Core.Abstractions.MoveEntry::get_board()
DA:27,2
FN:36,System.Void Core.Abstractions.MoveEntry::.ctor(Core.Abstractions.Move,System.Collections.Generic.IReadOnlyDictionary`2<Core.Abstractions.Square,Core.Abstractions.IPiece>)
FNDA:19,System.Void Core.Abstractions.MoveEntry::.ctor(Core.Abstractions.Move,System.Collections.Generic.IReadOnlyDictionary`2<Core.Abstractions.Square,Core.Abstractions.IPiece>)
DA:37,19
DA:38,19
DA:39,19
DA:40,19
DA:41,19
FN:49,System.Void Core.Abstractions.MoveEntry::.ctor(Core.Abstractions.Move,Core.Elements.Board)
FNDA:3,System.Void Core.Abstractions.MoveEntry::.ctor(Core.Abstractions.Move,Core.Elements.Board)
DA:50,3
LF:9
LH:9
BRF:0
BRH:0
FNF:5
FNH:5
end_of_record
SF:H:\source\repos\Mate\Source\Core\Abstractions\Piece.cs
FN:14,System.Boolean Core.Abstractions.Piece::get_Color()
FNDA:310,System.Boolean Core.Abstractions.Piece::get_Color()
DA:15,310
FN:41,Core.Abstractions.Square Core.Abstractions.Piece::GetSquareFrom(System.Collections.Generic.IReadOnlyDictionary`2<Core.Abstractions.Square,Core.Abstractions.IPiece>)
FNDA:263,Core.Abstractions.Square Core.Abstractions.Piece::GetSquareFrom(System.Collections.Generic.IReadOnlyDictionary`2<Core.Abstractions.Square,Core.Abstractions.IPiece>)
DA:42,263
DA:43,295
DA:44,558
FN:49,System.Boolean Core.Abstractions.Piece::Core.Abstractions.IPiece.get_Color()
FNDA:258,System.Boolean Core.Abstractions.Piece::Core.Abstractions.IPiece.get_Color()
DA:50,258
FN:55,System.Collections.Generic.IReadOnlyCollection`1<Core.Abstractions.Move> Core.Abstractions.Piece::Core.Abstractions.IPiece.AvailableMoves(System.Collections.Generic.IReadOnlyDictionary`2<Core.Abstractions.Square,Core.Abstractions.IPiece>)
FNDA:27,System.Collections.Generic.IReadOnlyCollection`1<Core.Abstractions.Move> Core.Abstractions.Piece::Core.Abstractions.IPiece.AvailableMoves(System.Collections.Generic.IReadOnlyDictionary`2<Core.Abstractions.Square,Core.Abstractions.IPiece>)
DA:56,27
DA:57,27
DA:58,1
DA:60,26
DA:61,27
BRDA:57,13,0,1
BRDA:57,13,1,26
FN:20,System.Void Core.Abstractions.Piece::.ctor(System.Boolean)
FNDA:328,System.Void Core.Abstractions.Piece::.ctor(System.Boolean)
DA:21,328
DA:22,328
DA:23,328
DA:24,328
LF:14
LH:14
BRF:2
BRH:2
FNF:5
FNH:5
end_of_record
SF:H:\source\repos\Mate\Source\Core\Abstractions\Royalty.cs
FN:28,System.Collections.Generic.IReadOnlyCollection`1<Core.Abstractions.Move> Core.Abstractions.Royalty::RoyalAttack(System.Collections.Generic.IReadOnlyDictionary`2<Core.Abstractions.Square,Core.Abstractions.IPiece>,System.UInt32)
FNDA:6,System.Collections.Generic.IReadOnlyCollection`1<Core.Abstractions.Move> Core.Abstractions.Royalty::RoyalAttack(System.Collections.Generic.IReadOnlyDictionary`2<Core.Abstractions.Square,Core.Abstractions.IPiece>,System.UInt32)
DA:29,6
DA:30,24
DA:31,72
DA:32,48
DA:33,6
FN:18,System.Void Core.Abstractions.Royalty::.ctor(System.Boolean)
FNDA:159,System.Void Core.Abstractions.Royalty::.ctor(System.Boolean)
DA:19,159
LF:6
LH:6
BRF:0
BRH:0
FNF:2
FNH:2
end_of_record
SF:H:\source\repos\Mate\Source\Core\Abstractions\Square.cs
FN:13,Core.Abstractions.Files Core.Abstractions.Square::get_File()
FNDA:780,Core.Abstractions.Files Core.Abstractions.Square::get_File()
DA:14,780
FN:19,Core.Abstractions.Ranks Core.Abstractions.Square::get_Rank()
FNDA:708,Core.Abstractions.Ranks Core.Abstractions.Square::get_Rank()
DA:20,708
FN:25,System.Boolean Core.Abstractions.Square::get_Color()
FNDA:2,System.Boolean Core.Abstractions.Square::get_Color()
DA:26,2
FN:49,System.Boolean Core.Abstractions.Square::IsSameFileAs(Core.Abstractions.Square)
FNDA:93,System.Boolean Core.Abstractions.Square::IsSameFileAs(Core.Abstractions.Square)
DA:50,93
FN:56,System.Boolean Core.Abstractions.Square::IsSameRankAs(Core.Abstractions.Square)
FNDA:95,System.Boolean Core.Abstractions.Square::IsSameRankAs(Core.Abstractions.Square)
DA:57,95
FN:63,System.Boolean Core.Abstractions.Square::IsSameSquareAs(Core.Abstractions.Square)
FNDA:92,System.Boolean Core.Abstractions.Square::IsSameSquareAs(Core.Abstractions.Square)
DA:64,92
BRDA:64,7,0,71
BRDA:64,7,1,21
FN:70,System.Boolean Core.Abstractions.Square::GetColor()
FNDA:2,System.Boolean Core.Abstractions.Square::GetColor()
DA:71,2
DA:72,2
FN:33,System.Void Core.Abstractions.Square::.ctor(Core.Abstractions.Files,Core.Abstractions.Ranks)
FNDA:3717,System.Void Core.Abstractions.Square::.ctor(Core.Abstractions.Files,Core.Abstractions.Ranks)
DA:34,3717
FN:42,System.Void Core.Abstractions.Square::.ctor(Core.Abstractions.Square)
FNDA:33,System.Void Core.Abstractions.Square::.ctor(Core.Abstractions.Square)
DA:43,33
LF:10
LH:10
BRF:2
BRH:2
FNF:9
FNH:9
end_of_record